<?xml version="1.0" encoding="UTF-8"?>
<!-- Generated by org.testng.reporters.JUnitReportReporter -->
<testsuite hostname="LAPTOP-BTR2EQGH" name="com.apex.ecommerce.login.LoginTest" tests="4" failures="0" timestamp="7 Dec 2018 10:42:08 GMT" time="17.799" errors="0">
  <testcase name="testLoginwithCorrectData" time="3.776" classname="com.apex.ecommerce.login.LoginTest"/>
  <testcase name="testLoginwithBlankData" time="4.023" classname="com.apex.ecommerce.login.LoginTest"/>
  <testcase name="testLoginwithBlankPassword" time="3.645" classname="com.apex.ecommerce.login.LoginTest"/>
  <testcase name="testLoginwithBlankUser" time="6.355" classname="com.apex.ecommerce.login.LoginTest"/>
</testsuite> <!-- com.apex.ecommerce.login.LoginTest -->
