<?xml version="1.0" encoding="UTF-8"?>
<!-- Generated by org.testng.reporters.JUnitReportReporter -->
<testsuite hostname="LAPTOP-BTR2EQGH" name="com.apex.ecommerce.registration.RegistrationTest" tests="3" failures="0" timestamp="6 Dec 2018 06:49:48 GMT" time="24.162" errors="0">
  <testcase name="registrationTestwithNewEmailandWrongConfromaPasswordData" time="7.918" classname="com.apex.ecommerce.registration.RegistrationTest"/>
  <testcase name="registrationTestwithUsedEmailandPasswordData" time="8.818" classname="com.apex.ecommerce.registration.RegistrationTest"/>
  <testcase name="registrationTestwithNewEmailAndPasswordData" time="7.426" classname="com.apex.ecommerce.registration.RegistrationTest"/>
</testsuite> <!-- com.apex.ecommerce.registration.RegistrationTest -->
