<?xml version="1.0" encoding="UTF-8"?>
<!-- Generated by org.testng.reporters.JUnitReportReporter -->
<testsuite hostname="DESKTOP-7UKIVJ7" name="com.apex.ecommerce.SeleniumInterview.com.apex.ecommerce.SeleniumInterview.WindowHandler" tests="1" failures="0" timestamp="28 Jan 2019 03:29:38 GMT" time="15.848" errors="0">
  <testcase name="test1" time="15.848" classname="com.apex.ecommerce.SeleniumInterview.com.apex.ecommerce.SeleniumInterview.WindowHandler"/>
</testsuite> <!-- com.apex.ecommerce.SeleniumInterview.com.apex.ecommerce.SeleniumInterview.WindowHandler -->
