<?xml version="1.0" encoding="UTF-8"?>
<!-- Generated by org.testng.reporters.JUnitReportReporter -->
<testsuite skipped="0" hostname="DESKTOP-7UKIVJ7" name="com.apex.ecommerce.registration.RegistrationTest" tests="3" failures="0" timestamp="28 Feb 2019 22:34:08 GMT" time="28.060" errors="0">
  <testcase name="registrationTestwithNewEmailandWrongConfromaPasswordData" time="8.988" classname="com.apex.ecommerce.registration.RegistrationTest"/>
  <testcase name="registrationTestwithNewEmailAndPasswordData" time="10.473" classname="com.apex.ecommerce.registration.RegistrationTest"/>
  <testcase name="registrationTestwithUsedEmailandPasswordData" time="8.599" classname="com.apex.ecommerce.registration.RegistrationTest"/>
</testsuite> <!-- com.apex.ecommerce.registration.RegistrationTest -->
