<?xml version="1.0" encoding="UTF-8"?>
<!-- Generated by org.testng.reporters.JUnitReportReporter -->
<testsuite skipped="0" hostname="DESKTOP-7UKIVJ7" name="com.apex.ecommerce.order.OrderTest" tests="1" failures="0" timestamp="28 Feb 2019 22:34:08 GMT" time="12.324" errors="0">
  <testcase name="orderTest" time="12.324" classname="com.apex.ecommerce.order.OrderTest"/>
</testsuite> <!-- com.apex.ecommerce.order.OrderTest -->
