<?xml version="1.0" encoding="UTF-8"?>
<!-- Generated by org.testng.reporters.JUnitReportReporter -->
<testsuite skipped="0" hostname="DESKTOP-7UKIVJ7" name="com.apex.ecommerce.registration.RegistrationTest" tests="3" failures="0" timestamp="28 Feb 2019 22:20:04 GMT" time="23.885" errors="0">
  <testcase name="registrationTestwithNewEmailandWrongConfromaPasswordData" time="8.030" classname="com.apex.ecommerce.registration.RegistrationTest"/>
  <testcase name="registrationTestwithNewEmailAndPasswordData" time="7.157" classname="com.apex.ecommerce.registration.RegistrationTest"/>
  <testcase name="registrationTestwithUsedEmailandPasswordData" time="8.698" classname="com.apex.ecommerce.registration.RegistrationTest"/>
</testsuite> <!-- com.apex.ecommerce.registration.RegistrationTest -->
