<?xml version="1.0" encoding="UTF-8"?>
<!-- Generated by org.testng.reporters.JUnitReportReporter -->
<testsuite skipped="1" hostname="DESKTOP-7UKIVJ7" name="com.apex.ecommerce.order.OrderTest" tests="1" failures="0" timestamp="01 Mar 2019 02:53:46 GMT" time="0.000" errors="0">
  <testcase name="orderTest" time="0.000" classname="com.apex.ecommerce.order.OrderTest">
    <skipped/>
  </testcase> <!-- orderTest -->
</testsuite> <!-- com.apex.ecommerce.order.OrderTest -->
