<?xml version="1.0" encoding="UTF-8"?>
<!-- Generated by org.testng.reporters.JUnitReportReporter -->
<testsuite skipped="0" hostname="DESKTOP-7UKIVJ7" name="com.apex.ecommerce.login.LoginTest" tests="4" failures="0" timestamp="28 Feb 2019 21:48:01 GMT" time="40.020" errors="0">
  <testcase name="testLoginwithBlankData" time="10.315" classname="com.apex.ecommerce.login.LoginTest"/>
  <testcase name="testLoginwithCorrectData" time="10.153" classname="com.apex.ecommerce.login.LoginTest"/>
  <testcase name="testLoginwithBlankPassword" time="7.821" classname="com.apex.ecommerce.login.LoginTest"/>
  <testcase name="testLoginwithBlankUser" time="11.731" classname="com.apex.ecommerce.login.LoginTest"/>
</testsuite> <!-- com.apex.ecommerce.login.LoginTest -->
