<?xml version="1.0" encoding="UTF-8"?>
<!-- Generated by org.testng.reporters.JUnitReportReporter -->
<testsuite hostname="DESKTOP-7UKIVJ7" name="com.apex.ecommerce.SeleniumInterview.com.apex.ecommerce.SeleniumInterview.NewTest" tests="1" failures="0" timestamp="28 Feb 2019 21:11:04 GMT" time="54.584" errors="0">
  <testcase name="f" time="54.584" classname="com.apex.ecommerce.SeleniumInterview.com.apex.ecommerce.SeleniumInterview.NewTest"/>
</testsuite> <!-- com.apex.ecommerce.SeleniumInterview.com.apex.ecommerce.SeleniumInterview.NewTest -->
