<?xml version="1.0" encoding="UTF-8"?>
<!-- Generated by org.testng.reporters.JUnitReportReporter -->
<testsuite hostname="DESKTOP-7UKIVJ7" name="com.apex.ecommerce.login.LoginTest" tests="4" failures="0" timestamp="28 Feb 2019 21:11:04 GMT" time="34.954" errors="0">
  <testcase name="testLoginwithCorrectData" time="8.287" classname="com.apex.ecommerce.login.LoginTest"/>
  <testcase name="testLoginwithBlankUser" time="8.489" classname="com.apex.ecommerce.login.LoginTest"/>
  <testcase name="testLoginwithBlankPassword" time="7.461" classname="com.apex.ecommerce.login.LoginTest"/>
  <testcase name="testLoginwithBlankData" time="10.717" classname="com.apex.ecommerce.login.LoginTest"/>
</testsuite> <!-- com.apex.ecommerce.login.LoginTest -->
