<?xml version="1.0" encoding="UTF-8"?>
<!-- Generated by org.testng.reporters.JUnitReportReporter -->
<testsuite hostname="DESKTOP-7UKIVJ7" name="com.apex.ecommerce.registration.RegistrationTest" tests="3" failures="0" timestamp="28 Feb 2019 21:11:04 GMT" time="27.048" errors="0">
  <testcase name="registrationTestwithNewEmailAndPasswordData" time="9.821" classname="com.apex.ecommerce.registration.RegistrationTest"/>
  <testcase name="registrationTestwithNewEmailandWrongConfromaPasswordData" time="9.478" classname="com.apex.ecommerce.registration.RegistrationTest"/>
  <testcase name="registrationTestwithUsedEmailandPasswordData" time="7.749" classname="com.apex.ecommerce.registration.RegistrationTest"/>
</testsuite> <!-- com.apex.ecommerce.registration.RegistrationTest -->
