<?xml version="1.0" encoding="UTF-8"?>
<!-- Generated by org.testng.reporters.JUnitReportReporter -->
<testsuite skipped="0" hostname="DESKTOP-7UKIVJ7" name="com.apex.ecommerce.login.LoginTest" tests="4" failures="0" timestamp="28 Feb 2019 22:20:04 GMT" time="27.172" errors="0">
  <testcase name="testLoginwithBlankData" time="5.578" classname="com.apex.ecommerce.login.LoginTest"/>
  <testcase name="testLoginwithCorrectData" time="5.885" classname="com.apex.ecommerce.login.LoginTest"/>
  <testcase name="testLoginwithBlankPassword" time="5.859" classname="com.apex.ecommerce.login.LoginTest"/>
  <testcase name="testLoginwithBlankUser" time="9.850" classname="com.apex.ecommerce.login.LoginTest"/>
</testsuite> <!-- com.apex.ecommerce.login.LoginTest -->
