<?xml version="1.0" encoding="UTF-8"?>
<!-- Generated by org.testng.reporters.JUnitReportReporter -->
<testsuite hostname="DESKTOP-7UKIVJ7" name="com.apex.ecommerce.order.OrderTest" tests="1" failures="0" timestamp="28 Feb 2019 21:11:04 GMT" time="25.204" errors="0">
  <testcase name="orderTest" time="25.204" classname="com.apex.ecommerce.order.OrderTest"/>
</testsuite> <!-- com.apex.ecommerce.order.OrderTest -->
