<?xml version="1.0" encoding="UTF-8"?>
<!-- Generated by org.testng.reporters.JUnitReportReporter -->
<testsuite skipped="0" hostname="DESKTOP-7UKIVJ7" name="com.apex.ecommerce.SeleniumInterview.com.apex.ecommerce.SeleniumInterview.NewTest" tests="1" failures="0" timestamp="28 Feb 2019 22:34:08 GMT" time="30.641" errors="0">
  <testcase name="f" time="30.641" classname="com.apex.ecommerce.SeleniumInterview.com.apex.ecommerce.SeleniumInterview.NewTest"/>
</testsuite> <!-- com.apex.ecommerce.SeleniumInterview.com.apex.ecommerce.SeleniumInterview.NewTest -->
