<?xml version="1.0" encoding="UTF-8"?>
<!-- Generated by org.testng.reporters.JUnitReportReporter -->
<testsuite skipped="0" hostname="DESKTOP-7UKIVJ7" name="com.apex.ecommerce.login.LoginTest" tests="4" failures="0" timestamp="28 Feb 2019 22:34:08 GMT" time="35.177" errors="0">
  <testcase name="testLoginwithBlankData" time="7.645" classname="com.apex.ecommerce.login.LoginTest"/>
  <testcase name="testLoginwithCorrectData" time="9.325" classname="com.apex.ecommerce.login.LoginTest"/>
  <testcase name="testLoginwithBlankPassword" time="9.038" classname="com.apex.ecommerce.login.LoginTest"/>
  <testcase name="testLoginwithBlankUser" time="9.169" classname="com.apex.ecommerce.login.LoginTest"/>
</testsuite> <!-- com.apex.ecommerce.login.LoginTest -->
