<?xml version="1.0" encoding="UTF-8"?>
<!-- Generated by org.testng.reporters.JUnitReportReporter -->
<testsuite skipped="0" hostname="DESKTOP-7UKIVJ7" name="com.apex.ecommerce.registration.RegistrationTest" tests="3" failures="0" timestamp="28 Feb 2019 21:48:01 GMT" time="39.850" errors="0">
  <testcase name="registrationTestwithNewEmailandWrongConfromaPasswordData" time="15.235" classname="com.apex.ecommerce.registration.RegistrationTest"/>
  <testcase name="registrationTestwithNewEmailAndPasswordData" time="13.134" classname="com.apex.ecommerce.registration.RegistrationTest"/>
  <testcase name="registrationTestwithUsedEmailandPasswordData" time="11.481" classname="com.apex.ecommerce.registration.RegistrationTest"/>
</testsuite> <!-- com.apex.ecommerce.registration.RegistrationTest -->
