<?xml version="1.0" encoding="UTF-8"?>
<!-- Generated by org.testng.reporters.JUnitReportReporter -->
<testsuite skipped="3" hostname="DESKTOP-7UKIVJ7" name="com.apex.ecommerce.registration.RegistrationTest" tests="3" failures="0" timestamp="01 Mar 2019 02:53:46 GMT" time="0.000" errors="0">
  <testcase name="registrationTestwithNewEmailAndPasswordData" time="0.000" classname="com.apex.ecommerce.registration.RegistrationTest">
    <skipped/>
  </testcase> <!-- registrationTestwithNewEmailAndPasswordData -->
  <testcase name="registrationTestwithNewEmailandWrongConfromaPasswordData" time="0.000" classname="com.apex.ecommerce.registration.RegistrationTest">
    <skipped/>
  </testcase> <!-- registrationTestwithNewEmailandWrongConfromaPasswordData -->
  <testcase name="registrationTestwithUsedEmailandPasswordData" time="0.000" classname="com.apex.ecommerce.registration.RegistrationTest">
    <skipped/>
  </testcase> <!-- registrationTestwithUsedEmailandPasswordData -->
</testsuite> <!-- com.apex.ecommerce.registration.RegistrationTest -->
